   1              		.syntax unified
   2              		.cpu cortex-m4
   3              		.eabi_attribute 27, 3
   4              		.fpu fpv4-sp-d16
   5              		.eabi_attribute 20, 1
   6              		.eabi_attribute 21, 1
   7              		.eabi_attribute 23, 3
   8              		.eabi_attribute 24, 1
   9              		.eabi_attribute 25, 1
  10              		.eabi_attribute 26, 1
  11              		.eabi_attribute 30, 6
  12              		.eabi_attribute 34, 1
  13              		.eabi_attribute 18, 4
  14              		.thumb
  15              		.file	"vectors.c"
  16              		.text
  17              	.Ltext0:
  18              		.cfi_sections	.debug_frame
  19              		.global	_vectors
  20              		.section	vectors,"aw",%progbits
  21              		.align	2
  24              	_vectors:
  25 0000 00000000 		.word	__main_stack_end__
  26 0004 00000000 		.word	ResetHandler
  27 0008 00000000 		.word	NMIVector
  28 000c 00000000 		.word	HardFaultVector
  29 0010 00000000 		.word	MemManageVector
  30 0014 00000000 		.word	BusFaultVector
  31 0018 00000000 		.word	UsageFaultVector
  32 001c 00000000 		.word	Vector1C
  33 0020 00000000 		.word	Vector20
  34 0024 00000000 		.word	Vector24
  35 0028 00000000 		.word	Vector28
  36 002c 00000000 		.word	SVCallVector
  37 0030 00000000 		.word	DebugMonitorVector
  38 0034 00000000 		.word	Vector34
  39 0038 00000000 		.word	PendSVVector
  40 003c 00000000 		.word	SysTickVector
  41 0040 00000000 		.word	Vector40
  42 0044 00000000 		.word	Vector44
  43 0048 00000000 		.word	Vector48
  44 004c 00000000 		.word	Vector4C
  45 0050 00000000 		.word	Vector50
  46 0054 00000000 		.word	Vector54
  47 0058 00000000 		.word	Vector58
  48 005c 00000000 		.word	Vector5C
  49 0060 00000000 		.word	Vector60
  50 0064 00000000 		.word	Vector64
  51 0068 00000000 		.word	Vector68
  52 006c 00000000 		.word	Vector6C
  53 0070 00000000 		.word	Vector70
  54 0074 00000000 		.word	Vector74
  55 0078 00000000 		.word	Vector78
  56 007c 00000000 		.word	Vector7C
  57 0080 00000000 		.word	Vector80
  58 0084 00000000 		.word	Vector84
  59 0088 00000000 		.word	Vector88
  60 008c 00000000 		.word	Vector8C
  61 0090 00000000 		.word	Vector90
  62 0094 00000000 		.word	Vector94
  63 0098 00000000 		.word	Vector98
  64 009c 00000000 		.word	Vector9C
  65 00a0 00000000 		.word	VectorA0
  66 00a4 00000000 		.word	VectorA4
  67 00a8 00000000 		.word	VectorA8
  68 00ac 00000000 		.word	VectorAC
  69 00b0 00000000 		.word	VectorB0
  70 00b4 00000000 		.word	VectorB4
  71 00b8 00000000 		.word	VectorB8
  72 00bc 00000000 		.word	VectorBC
  73 00c0 00000000 		.word	VectorC0
  74 00c4 00000000 		.word	VectorC4
  75 00c8 00000000 		.word	VectorC8
  76 00cc 00000000 		.word	VectorCC
  77 00d0 00000000 		.word	VectorD0
  78 00d4 00000000 		.word	VectorD4
  79 00d8 00000000 		.word	VectorD8
  80 00dc 00000000 		.word	VectorDC
  81 00e0 00000000 		.word	VectorE0
  82 00e4 00000000 		.word	VectorE4
  83 00e8 00000000 		.word	VectorE8
  84 00ec 00000000 		.word	VectorEC
  85 00f0 00000000 		.word	VectorF0
  86 00f4 00000000 		.word	VectorF4
  87 00f8 00000000 		.word	VectorF8
  88 00fc 00000000 		.word	VectorFC
  89 0100 00000000 		.word	Vector100
  90 0104 00000000 		.word	Vector104
  91 0108 00000000 		.word	Vector108
  92 010c 00000000 		.word	Vector10C
  93 0110 00000000 		.word	Vector110
  94 0114 00000000 		.word	Vector114
  95 0118 00000000 		.word	Vector118
  96 011c 00000000 		.word	Vector11C
  97 0120 00000000 		.word	Vector120
  98 0124 00000000 		.word	Vector124
  99 0128 00000000 		.word	Vector128
 100 012c 00000000 		.word	Vector12C
 101 0130 00000000 		.word	Vector130
 102 0134 00000000 		.word	Vector134
 103 0138 00000000 		.word	Vector138
 104 013c 00000000 		.word	Vector13C
 105 0140 00000000 		.word	Vector140
 106 0144 00000000 		.word	Vector144
 107 0148 00000000 		.word	Vector148
 108 014c 00000000 		.word	Vector14C
 109 0150 00000000 		.word	Vector150
 110 0154 00000000 		.word	Vector154
 111 0158 00000000 		.word	Vector158
 112 015c 00000000 		.word	Vector15C
 113 0160 00000000 		.word	Vector160
 114 0164 00000000 		.word	Vector164
 115 0168 00000000 		.word	Vector168
 116 016c 00000000 		.word	Vector16C
 117 0170 00000000 		.word	Vector170
 118 0174 00000000 		.word	Vector174
 119 0178 00000000 		.word	Vector178
 120 017c 00000000 		.word	Vector17C
 121 0180 00000000 		.word	Vector180
 122 0184 00000000 		.word	Vector184
 123              		.section	.text._unhandled_exception,"ax",%progbits
 124              		.align	2
 125              		.p2align 4,,15
 126              		.global	_unhandled_exception
 127              		.thumb
 128              		.thumb_func
 130              	_unhandled_exception:
 131              	.LFB7:
 132              		.file 1 "/usr/src/chibiostest/os/ports/GCC/ARMCMx/STM32F4xx/vectors.c"
   1:/usr/src/chibiostest/os/ports/GCC/ARMCMx/STM32F4xx/vectors.c **** /*
   2:/usr/src/chibiostest/os/ports/GCC/ARMCMx/STM32F4xx/vectors.c ****     ChibiOS/RT - Copyright (C) 2006,2007,2008,2009,2010,
   3:/usr/src/chibiostest/os/ports/GCC/ARMCMx/STM32F4xx/vectors.c ****                  2011,2012 Giovanni Di Sirio.
   4:/usr/src/chibiostest/os/ports/GCC/ARMCMx/STM32F4xx/vectors.c **** 
   5:/usr/src/chibiostest/os/ports/GCC/ARMCMx/STM32F4xx/vectors.c ****     This file is part of ChibiOS/RT.
   6:/usr/src/chibiostest/os/ports/GCC/ARMCMx/STM32F4xx/vectors.c **** 
   7:/usr/src/chibiostest/os/ports/GCC/ARMCMx/STM32F4xx/vectors.c ****     ChibiOS/RT is free software; you can redistribute it and/or modify
   8:/usr/src/chibiostest/os/ports/GCC/ARMCMx/STM32F4xx/vectors.c ****     it under the terms of the GNU General Public License as published by
   9:/usr/src/chibiostest/os/ports/GCC/ARMCMx/STM32F4xx/vectors.c ****     the Free Software Foundation; either version 3 of the License, or
  10:/usr/src/chibiostest/os/ports/GCC/ARMCMx/STM32F4xx/vectors.c ****     (at your option) any later version.
  11:/usr/src/chibiostest/os/ports/GCC/ARMCMx/STM32F4xx/vectors.c **** 
  12:/usr/src/chibiostest/os/ports/GCC/ARMCMx/STM32F4xx/vectors.c ****     ChibiOS/RT is distributed in the hope that it will be useful,
  13:/usr/src/chibiostest/os/ports/GCC/ARMCMx/STM32F4xx/vectors.c ****     but WITHOUT ANY WARRANTY; without even the implied warranty of
  14:/usr/src/chibiostest/os/ports/GCC/ARMCMx/STM32F4xx/vectors.c ****     MERCHANTABILITY or FITNESS FOR A PARTICULAR PURPOSE.  See the
  15:/usr/src/chibiostest/os/ports/GCC/ARMCMx/STM32F4xx/vectors.c ****     GNU General Public License for more details.
  16:/usr/src/chibiostest/os/ports/GCC/ARMCMx/STM32F4xx/vectors.c **** 
  17:/usr/src/chibiostest/os/ports/GCC/ARMCMx/STM32F4xx/vectors.c ****     You should have received a copy of the GNU General Public License
  18:/usr/src/chibiostest/os/ports/GCC/ARMCMx/STM32F4xx/vectors.c ****     along with this program.  If not, see <http://www.gnu.org/licenses/>.
  19:/usr/src/chibiostest/os/ports/GCC/ARMCMx/STM32F4xx/vectors.c **** */
  20:/usr/src/chibiostest/os/ports/GCC/ARMCMx/STM32F4xx/vectors.c **** 
  21:/usr/src/chibiostest/os/ports/GCC/ARMCMx/STM32F4xx/vectors.c **** /**
  22:/usr/src/chibiostest/os/ports/GCC/ARMCMx/STM32F4xx/vectors.c ****  * @file    GCC/ARMCMx/STM32F4xx/vectors.c
  23:/usr/src/chibiostest/os/ports/GCC/ARMCMx/STM32F4xx/vectors.c ****  * @brief   Interrupt vectors for the STM32F4xx family.
  24:/usr/src/chibiostest/os/ports/GCC/ARMCMx/STM32F4xx/vectors.c ****  *
  25:/usr/src/chibiostest/os/ports/GCC/ARMCMx/STM32F4xx/vectors.c ****  * @defgroup ARMCMx_STM32F4xx_VECTORS STM32F4xx Interrupt Vectors
  26:/usr/src/chibiostest/os/ports/GCC/ARMCMx/STM32F4xx/vectors.c ****  * @ingroup ARMCMx_SPECIFIC
  27:/usr/src/chibiostest/os/ports/GCC/ARMCMx/STM32F4xx/vectors.c ****  * @details Interrupt vectors for the STM32F4xx family.
  28:/usr/src/chibiostest/os/ports/GCC/ARMCMx/STM32F4xx/vectors.c ****  * @{
  29:/usr/src/chibiostest/os/ports/GCC/ARMCMx/STM32F4xx/vectors.c ****  */
  30:/usr/src/chibiostest/os/ports/GCC/ARMCMx/STM32F4xx/vectors.c **** 
  31:/usr/src/chibiostest/os/ports/GCC/ARMCMx/STM32F4xx/vectors.c **** #include "ch.h"
  32:/usr/src/chibiostest/os/ports/GCC/ARMCMx/STM32F4xx/vectors.c **** 
  33:/usr/src/chibiostest/os/ports/GCC/ARMCMx/STM32F4xx/vectors.c **** #if !defined(__DOXYGEN__)
  34:/usr/src/chibiostest/os/ports/GCC/ARMCMx/STM32F4xx/vectors.c **** extern void __main_stack_end__(void);
  35:/usr/src/chibiostest/os/ports/GCC/ARMCMx/STM32F4xx/vectors.c **** extern void ResetHandler(void);
  36:/usr/src/chibiostest/os/ports/GCC/ARMCMx/STM32F4xx/vectors.c **** extern void NMIVector(void);
  37:/usr/src/chibiostest/os/ports/GCC/ARMCMx/STM32F4xx/vectors.c **** extern void HardFaultVector(void);
  38:/usr/src/chibiostest/os/ports/GCC/ARMCMx/STM32F4xx/vectors.c **** extern void MemManageVector(void);
  39:/usr/src/chibiostest/os/ports/GCC/ARMCMx/STM32F4xx/vectors.c **** extern void BusFaultVector(void);
  40:/usr/src/chibiostest/os/ports/GCC/ARMCMx/STM32F4xx/vectors.c **** extern void UsageFaultVector(void);
  41:/usr/src/chibiostest/os/ports/GCC/ARMCMx/STM32F4xx/vectors.c **** extern void Vector1C(void);
  42:/usr/src/chibiostest/os/ports/GCC/ARMCMx/STM32F4xx/vectors.c **** extern void Vector20(void);
  43:/usr/src/chibiostest/os/ports/GCC/ARMCMx/STM32F4xx/vectors.c **** extern void Vector24(void);
  44:/usr/src/chibiostest/os/ports/GCC/ARMCMx/STM32F4xx/vectors.c **** extern void Vector28(void);
  45:/usr/src/chibiostest/os/ports/GCC/ARMCMx/STM32F4xx/vectors.c **** extern void SVCallVector(void);
  46:/usr/src/chibiostest/os/ports/GCC/ARMCMx/STM32F4xx/vectors.c **** extern void DebugMonitorVector(void);
  47:/usr/src/chibiostest/os/ports/GCC/ARMCMx/STM32F4xx/vectors.c **** extern void Vector34(void);
  48:/usr/src/chibiostest/os/ports/GCC/ARMCMx/STM32F4xx/vectors.c **** extern void PendSVVector(void);
  49:/usr/src/chibiostest/os/ports/GCC/ARMCMx/STM32F4xx/vectors.c **** extern void SysTickVector(void);
  50:/usr/src/chibiostest/os/ports/GCC/ARMCMx/STM32F4xx/vectors.c **** extern void Vector40(void);
  51:/usr/src/chibiostest/os/ports/GCC/ARMCMx/STM32F4xx/vectors.c **** extern void Vector44(void);
  52:/usr/src/chibiostest/os/ports/GCC/ARMCMx/STM32F4xx/vectors.c **** extern void Vector48(void);
  53:/usr/src/chibiostest/os/ports/GCC/ARMCMx/STM32F4xx/vectors.c **** extern void Vector4C(void);
  54:/usr/src/chibiostest/os/ports/GCC/ARMCMx/STM32F4xx/vectors.c **** extern void Vector50(void);
  55:/usr/src/chibiostest/os/ports/GCC/ARMCMx/STM32F4xx/vectors.c **** extern void Vector54(void);
  56:/usr/src/chibiostest/os/ports/GCC/ARMCMx/STM32F4xx/vectors.c **** extern void Vector58(void);
  57:/usr/src/chibiostest/os/ports/GCC/ARMCMx/STM32F4xx/vectors.c **** extern void Vector5C(void);
  58:/usr/src/chibiostest/os/ports/GCC/ARMCMx/STM32F4xx/vectors.c **** extern void Vector60(void);
  59:/usr/src/chibiostest/os/ports/GCC/ARMCMx/STM32F4xx/vectors.c **** extern void Vector64(void);
  60:/usr/src/chibiostest/os/ports/GCC/ARMCMx/STM32F4xx/vectors.c **** extern void Vector68(void);
  61:/usr/src/chibiostest/os/ports/GCC/ARMCMx/STM32F4xx/vectors.c **** extern void Vector6C(void);
  62:/usr/src/chibiostest/os/ports/GCC/ARMCMx/STM32F4xx/vectors.c **** extern void Vector70(void);
  63:/usr/src/chibiostest/os/ports/GCC/ARMCMx/STM32F4xx/vectors.c **** extern void Vector74(void);
  64:/usr/src/chibiostest/os/ports/GCC/ARMCMx/STM32F4xx/vectors.c **** extern void Vector78(void);
  65:/usr/src/chibiostest/os/ports/GCC/ARMCMx/STM32F4xx/vectors.c **** extern void Vector7C(void);
  66:/usr/src/chibiostest/os/ports/GCC/ARMCMx/STM32F4xx/vectors.c **** extern void Vector80(void);
  67:/usr/src/chibiostest/os/ports/GCC/ARMCMx/STM32F4xx/vectors.c **** extern void Vector84(void);
  68:/usr/src/chibiostest/os/ports/GCC/ARMCMx/STM32F4xx/vectors.c **** extern void Vector88(void);
  69:/usr/src/chibiostest/os/ports/GCC/ARMCMx/STM32F4xx/vectors.c **** extern void Vector8C(void);
  70:/usr/src/chibiostest/os/ports/GCC/ARMCMx/STM32F4xx/vectors.c **** extern void Vector90(void);
  71:/usr/src/chibiostest/os/ports/GCC/ARMCMx/STM32F4xx/vectors.c **** extern void Vector94(void);
  72:/usr/src/chibiostest/os/ports/GCC/ARMCMx/STM32F4xx/vectors.c **** extern void Vector98(void);
  73:/usr/src/chibiostest/os/ports/GCC/ARMCMx/STM32F4xx/vectors.c **** extern void Vector9C(void);
  74:/usr/src/chibiostest/os/ports/GCC/ARMCMx/STM32F4xx/vectors.c **** extern void VectorA0(void);
  75:/usr/src/chibiostest/os/ports/GCC/ARMCMx/STM32F4xx/vectors.c **** extern void VectorA4(void);
  76:/usr/src/chibiostest/os/ports/GCC/ARMCMx/STM32F4xx/vectors.c **** extern void VectorA8(void);
  77:/usr/src/chibiostest/os/ports/GCC/ARMCMx/STM32F4xx/vectors.c **** extern void VectorAC(void);
  78:/usr/src/chibiostest/os/ports/GCC/ARMCMx/STM32F4xx/vectors.c **** extern void VectorB0(void);
  79:/usr/src/chibiostest/os/ports/GCC/ARMCMx/STM32F4xx/vectors.c **** extern void VectorB4(void);
  80:/usr/src/chibiostest/os/ports/GCC/ARMCMx/STM32F4xx/vectors.c **** extern void VectorB8(void);
  81:/usr/src/chibiostest/os/ports/GCC/ARMCMx/STM32F4xx/vectors.c **** extern void VectorBC(void);
  82:/usr/src/chibiostest/os/ports/GCC/ARMCMx/STM32F4xx/vectors.c **** extern void VectorC0(void);
  83:/usr/src/chibiostest/os/ports/GCC/ARMCMx/STM32F4xx/vectors.c **** extern void VectorC4(void);
  84:/usr/src/chibiostest/os/ports/GCC/ARMCMx/STM32F4xx/vectors.c **** extern void VectorC8(void);
  85:/usr/src/chibiostest/os/ports/GCC/ARMCMx/STM32F4xx/vectors.c **** extern void VectorCC(void);
  86:/usr/src/chibiostest/os/ports/GCC/ARMCMx/STM32F4xx/vectors.c **** extern void VectorD0(void);
  87:/usr/src/chibiostest/os/ports/GCC/ARMCMx/STM32F4xx/vectors.c **** extern void VectorD4(void);
  88:/usr/src/chibiostest/os/ports/GCC/ARMCMx/STM32F4xx/vectors.c **** extern void VectorD8(void);
  89:/usr/src/chibiostest/os/ports/GCC/ARMCMx/STM32F4xx/vectors.c **** extern void VectorDC(void);
  90:/usr/src/chibiostest/os/ports/GCC/ARMCMx/STM32F4xx/vectors.c **** extern void VectorE0(void);
  91:/usr/src/chibiostest/os/ports/GCC/ARMCMx/STM32F4xx/vectors.c **** extern void VectorE4(void);
  92:/usr/src/chibiostest/os/ports/GCC/ARMCMx/STM32F4xx/vectors.c **** extern void VectorE8(void);
  93:/usr/src/chibiostest/os/ports/GCC/ARMCMx/STM32F4xx/vectors.c **** extern void VectorEC(void);
  94:/usr/src/chibiostest/os/ports/GCC/ARMCMx/STM32F4xx/vectors.c **** extern void VectorF0(void);
  95:/usr/src/chibiostest/os/ports/GCC/ARMCMx/STM32F4xx/vectors.c **** extern void VectorF4(void);
  96:/usr/src/chibiostest/os/ports/GCC/ARMCMx/STM32F4xx/vectors.c **** extern void VectorF8(void);
  97:/usr/src/chibiostest/os/ports/GCC/ARMCMx/STM32F4xx/vectors.c **** extern void VectorFC(void);
  98:/usr/src/chibiostest/os/ports/GCC/ARMCMx/STM32F4xx/vectors.c **** extern void Vector100(void);
  99:/usr/src/chibiostest/os/ports/GCC/ARMCMx/STM32F4xx/vectors.c **** extern void Vector104(void);
 100:/usr/src/chibiostest/os/ports/GCC/ARMCMx/STM32F4xx/vectors.c **** extern void Vector108(void);
 101:/usr/src/chibiostest/os/ports/GCC/ARMCMx/STM32F4xx/vectors.c **** extern void Vector10C(void);
 102:/usr/src/chibiostest/os/ports/GCC/ARMCMx/STM32F4xx/vectors.c **** extern void Vector110(void);
 103:/usr/src/chibiostest/os/ports/GCC/ARMCMx/STM32F4xx/vectors.c **** extern void Vector114(void);
 104:/usr/src/chibiostest/os/ports/GCC/ARMCMx/STM32F4xx/vectors.c **** extern void Vector118(void);
 105:/usr/src/chibiostest/os/ports/GCC/ARMCMx/STM32F4xx/vectors.c **** extern void Vector11C(void);
 106:/usr/src/chibiostest/os/ports/GCC/ARMCMx/STM32F4xx/vectors.c **** extern void Vector120(void);
 107:/usr/src/chibiostest/os/ports/GCC/ARMCMx/STM32F4xx/vectors.c **** extern void Vector124(void);
 108:/usr/src/chibiostest/os/ports/GCC/ARMCMx/STM32F4xx/vectors.c **** extern void Vector128(void);
 109:/usr/src/chibiostest/os/ports/GCC/ARMCMx/STM32F4xx/vectors.c **** extern void Vector12C(void);
 110:/usr/src/chibiostest/os/ports/GCC/ARMCMx/STM32F4xx/vectors.c **** extern void Vector130(void);
 111:/usr/src/chibiostest/os/ports/GCC/ARMCMx/STM32F4xx/vectors.c **** extern void Vector134(void);
 112:/usr/src/chibiostest/os/ports/GCC/ARMCMx/STM32F4xx/vectors.c **** extern void Vector138(void);
 113:/usr/src/chibiostest/os/ports/GCC/ARMCMx/STM32F4xx/vectors.c **** extern void Vector13C(void);
 114:/usr/src/chibiostest/os/ports/GCC/ARMCMx/STM32F4xx/vectors.c **** extern void Vector140(void);
 115:/usr/src/chibiostest/os/ports/GCC/ARMCMx/STM32F4xx/vectors.c **** extern void Vector144(void);
 116:/usr/src/chibiostest/os/ports/GCC/ARMCMx/STM32F4xx/vectors.c **** extern void Vector148(void);
 117:/usr/src/chibiostest/os/ports/GCC/ARMCMx/STM32F4xx/vectors.c **** extern void Vector14C(void);
 118:/usr/src/chibiostest/os/ports/GCC/ARMCMx/STM32F4xx/vectors.c **** extern void Vector150(void);
 119:/usr/src/chibiostest/os/ports/GCC/ARMCMx/STM32F4xx/vectors.c **** extern void Vector154(void);
 120:/usr/src/chibiostest/os/ports/GCC/ARMCMx/STM32F4xx/vectors.c **** extern void Vector158(void);
 121:/usr/src/chibiostest/os/ports/GCC/ARMCMx/STM32F4xx/vectors.c **** extern void Vector15C(void);
 122:/usr/src/chibiostest/os/ports/GCC/ARMCMx/STM32F4xx/vectors.c **** extern void Vector160(void);
 123:/usr/src/chibiostest/os/ports/GCC/ARMCMx/STM32F4xx/vectors.c **** extern void Vector164(void);
 124:/usr/src/chibiostest/os/ports/GCC/ARMCMx/STM32F4xx/vectors.c **** extern void Vector168(void);
 125:/usr/src/chibiostest/os/ports/GCC/ARMCMx/STM32F4xx/vectors.c **** extern void Vector16C(void);
 126:/usr/src/chibiostest/os/ports/GCC/ARMCMx/STM32F4xx/vectors.c **** extern void Vector170(void);
 127:/usr/src/chibiostest/os/ports/GCC/ARMCMx/STM32F4xx/vectors.c **** extern void Vector174(void);
 128:/usr/src/chibiostest/os/ports/GCC/ARMCMx/STM32F4xx/vectors.c **** extern void Vector178(void);
 129:/usr/src/chibiostest/os/ports/GCC/ARMCMx/STM32F4xx/vectors.c **** extern void Vector17C(void);
 130:/usr/src/chibiostest/os/ports/GCC/ARMCMx/STM32F4xx/vectors.c **** extern void Vector180(void);
 131:/usr/src/chibiostest/os/ports/GCC/ARMCMx/STM32F4xx/vectors.c **** extern void Vector184(void);
 132:/usr/src/chibiostest/os/ports/GCC/ARMCMx/STM32F4xx/vectors.c **** #endif
 133:/usr/src/chibiostest/os/ports/GCC/ARMCMx/STM32F4xx/vectors.c **** 
 134:/usr/src/chibiostest/os/ports/GCC/ARMCMx/STM32F4xx/vectors.c **** /**
 135:/usr/src/chibiostest/os/ports/GCC/ARMCMx/STM32F4xx/vectors.c ****  * @brief   STM32 vectors table.
 136:/usr/src/chibiostest/os/ports/GCC/ARMCMx/STM32F4xx/vectors.c ****  */
 137:/usr/src/chibiostest/os/ports/GCC/ARMCMx/STM32F4xx/vectors.c **** #if !defined(__DOXYGEN__)
 138:/usr/src/chibiostest/os/ports/GCC/ARMCMx/STM32F4xx/vectors.c **** __attribute__ ((section("vectors")))
 139:/usr/src/chibiostest/os/ports/GCC/ARMCMx/STM32F4xx/vectors.c **** #endif
 140:/usr/src/chibiostest/os/ports/GCC/ARMCMx/STM32F4xx/vectors.c **** void  (*_vectors[])(void) = {
 141:/usr/src/chibiostest/os/ports/GCC/ARMCMx/STM32F4xx/vectors.c ****   __main_stack_end__, ResetHandler,       NMIVector,          HardFaultVector,
 142:/usr/src/chibiostest/os/ports/GCC/ARMCMx/STM32F4xx/vectors.c ****   MemManageVector,    BusFaultVector,     UsageFaultVector,   Vector1C,
 143:/usr/src/chibiostest/os/ports/GCC/ARMCMx/STM32F4xx/vectors.c ****   Vector20,           Vector24,           Vector28,           SVCallVector,
 144:/usr/src/chibiostest/os/ports/GCC/ARMCMx/STM32F4xx/vectors.c ****   DebugMonitorVector, Vector34,           PendSVVector,       SysTickVector,
 145:/usr/src/chibiostest/os/ports/GCC/ARMCMx/STM32F4xx/vectors.c ****   Vector40,           Vector44,           Vector48,           Vector4C,
 146:/usr/src/chibiostest/os/ports/GCC/ARMCMx/STM32F4xx/vectors.c ****   Vector50,           Vector54,           Vector58,           Vector5C,
 147:/usr/src/chibiostest/os/ports/GCC/ARMCMx/STM32F4xx/vectors.c ****   Vector60,           Vector64,           Vector68,           Vector6C,
 148:/usr/src/chibiostest/os/ports/GCC/ARMCMx/STM32F4xx/vectors.c ****   Vector70,           Vector74,           Vector78,           Vector7C,
 149:/usr/src/chibiostest/os/ports/GCC/ARMCMx/STM32F4xx/vectors.c ****   Vector80,           Vector84,           Vector88,           Vector8C,
 150:/usr/src/chibiostest/os/ports/GCC/ARMCMx/STM32F4xx/vectors.c ****   Vector90,           Vector94,           Vector98,           Vector9C,
 151:/usr/src/chibiostest/os/ports/GCC/ARMCMx/STM32F4xx/vectors.c ****   VectorA0,           VectorA4,           VectorA8,           VectorAC,
 152:/usr/src/chibiostest/os/ports/GCC/ARMCMx/STM32F4xx/vectors.c ****   VectorB0,           VectorB4,           VectorB8,           VectorBC,
 153:/usr/src/chibiostest/os/ports/GCC/ARMCMx/STM32F4xx/vectors.c ****   VectorC0,           VectorC4,           VectorC8,           VectorCC,
 154:/usr/src/chibiostest/os/ports/GCC/ARMCMx/STM32F4xx/vectors.c ****   VectorD0,           VectorD4,           VectorD8,           VectorDC,
 155:/usr/src/chibiostest/os/ports/GCC/ARMCMx/STM32F4xx/vectors.c ****   VectorE0,           VectorE4,           VectorE8,           VectorEC,
 156:/usr/src/chibiostest/os/ports/GCC/ARMCMx/STM32F4xx/vectors.c ****   VectorF0,           VectorF4,           VectorF8,           VectorFC,
 157:/usr/src/chibiostest/os/ports/GCC/ARMCMx/STM32F4xx/vectors.c ****   Vector100,          Vector104,          Vector108,          Vector10C,
 158:/usr/src/chibiostest/os/ports/GCC/ARMCMx/STM32F4xx/vectors.c ****   Vector110,          Vector114,          Vector118,          Vector11C,
 159:/usr/src/chibiostest/os/ports/GCC/ARMCMx/STM32F4xx/vectors.c ****   Vector120,          Vector124,          Vector128,          Vector12C,
 160:/usr/src/chibiostest/os/ports/GCC/ARMCMx/STM32F4xx/vectors.c ****   Vector130,          Vector134,          Vector138,          Vector13C,
 161:/usr/src/chibiostest/os/ports/GCC/ARMCMx/STM32F4xx/vectors.c ****   Vector140,          Vector144,          Vector148,          Vector14C,
 162:/usr/src/chibiostest/os/ports/GCC/ARMCMx/STM32F4xx/vectors.c ****   Vector150,          Vector154,          Vector158,          Vector15C,
 163:/usr/src/chibiostest/os/ports/GCC/ARMCMx/STM32F4xx/vectors.c ****   Vector160,          Vector164,          Vector168,          Vector16C,
 164:/usr/src/chibiostest/os/ports/GCC/ARMCMx/STM32F4xx/vectors.c ****   Vector170,          Vector174,          Vector178,          Vector17C,
 165:/usr/src/chibiostest/os/ports/GCC/ARMCMx/STM32F4xx/vectors.c ****   Vector180,          Vector184
 166:/usr/src/chibiostest/os/ports/GCC/ARMCMx/STM32F4xx/vectors.c **** };
 167:/usr/src/chibiostest/os/ports/GCC/ARMCMx/STM32F4xx/vectors.c **** 
 168:/usr/src/chibiostest/os/ports/GCC/ARMCMx/STM32F4xx/vectors.c **** /**
 169:/usr/src/chibiostest/os/ports/GCC/ARMCMx/STM32F4xx/vectors.c ****  * @brief   Unhandled exceptions handler.
 170:/usr/src/chibiostest/os/ports/GCC/ARMCMx/STM32F4xx/vectors.c ****  * @details Any undefined exception vector points to this function by default.
 171:/usr/src/chibiostest/os/ports/GCC/ARMCMx/STM32F4xx/vectors.c ****  *          This function simply stops the system into an infinite loop.
 172:/usr/src/chibiostest/os/ports/GCC/ARMCMx/STM32F4xx/vectors.c ****  *
 173:/usr/src/chibiostest/os/ports/GCC/ARMCMx/STM32F4xx/vectors.c ****  * @notapi
 174:/usr/src/chibiostest/os/ports/GCC/ARMCMx/STM32F4xx/vectors.c ****  */
 175:/usr/src/chibiostest/os/ports/GCC/ARMCMx/STM32F4xx/vectors.c **** #if !defined(__DOXYGEN__)
 176:/usr/src/chibiostest/os/ports/GCC/ARMCMx/STM32F4xx/vectors.c **** __attribute__ ((naked))
 177:/usr/src/chibiostest/os/ports/GCC/ARMCMx/STM32F4xx/vectors.c **** #endif
 178:/usr/src/chibiostest/os/ports/GCC/ARMCMx/STM32F4xx/vectors.c **** void _unhandled_exception(void) {
 133              		.loc 1 178 0
 134              		.cfi_startproc
 135              		@ Naked Function: prologue and epilogue provided by programmer.
 136              		@ args = 0, pretend = 0, frame = 0
 137              		@ frame_needed = 0, uses_anonymous_args = 0
 138              	.L2:
 179:/usr/src/chibiostest/os/ports/GCC/ARMCMx/STM32F4xx/vectors.c **** 
 180:/usr/src/chibiostest/os/ports/GCC/ARMCMx/STM32F4xx/vectors.c ****   while (TRUE)
 181:/usr/src/chibiostest/os/ports/GCC/ARMCMx/STM32F4xx/vectors.c ****     ;
 139              		.loc 1 181 0 discriminator 1
 140 0000 FEE7     		b	.L2
 141              		.cfi_endproc
 142              	.LFE7:
 144              		.weak	NMIVector
 145              		.thumb_set NMIVector,_unhandled_exception
 146              		.weak	HardFaultVector
 147              		.thumb_set HardFaultVector,_unhandled_exception
 148              		.weak	MemManageVector
 149              		.thumb_set MemManageVector,_unhandled_exception
 150              		.weak	BusFaultVector
 151              		.thumb_set BusFaultVector,_unhandled_exception
 152              		.weak	UsageFaultVector
 153              		.thumb_set UsageFaultVector,_unhandled_exception
 154              		.weak	Vector1C
 155              		.thumb_set Vector1C,_unhandled_exception
 156              		.weak	Vector20
 157              		.thumb_set Vector20,_unhandled_exception
 158              		.weak	Vector24
 159              		.thumb_set Vector24,_unhandled_exception
 160              		.weak	Vector28
 161              		.thumb_set Vector28,_unhandled_exception
 162              		.weak	SVCallVector
 163              		.thumb_set SVCallVector,_unhandled_exception
 164              		.weak	DebugMonitorVector
 165              		.thumb_set DebugMonitorVector,_unhandled_exception
 166              		.weak	Vector34
 167              		.thumb_set Vector34,_unhandled_exception
 168              		.weak	PendSVVector
 169              		.thumb_set PendSVVector,_unhandled_exception
 170              		.weak	SysTickVector
 171              		.thumb_set SysTickVector,_unhandled_exception
 172              		.weak	Vector40
 173              		.thumb_set Vector40,_unhandled_exception
 174              		.weak	Vector44
 175              		.thumb_set Vector44,_unhandled_exception
 176              		.weak	Vector48
 177              		.thumb_set Vector48,_unhandled_exception
 178              		.weak	Vector4C
 179              		.thumb_set Vector4C,_unhandled_exception
 180              		.weak	Vector50
 181              		.thumb_set Vector50,_unhandled_exception
 182              		.weak	Vector54
 183              		.thumb_set Vector54,_unhandled_exception
 184              		.weak	Vector58
 185              		.thumb_set Vector58,_unhandled_exception
 186              		.weak	Vector5C
 187              		.thumb_set Vector5C,_unhandled_exception
 188              		.weak	Vector60
 189              		.thumb_set Vector60,_unhandled_exception
 190              		.weak	Vector64
 191              		.thumb_set Vector64,_unhandled_exception
 192              		.weak	Vector68
 193              		.thumb_set Vector68,_unhandled_exception
 194              		.weak	Vector6C
 195              		.thumb_set Vector6C,_unhandled_exception
 196              		.weak	Vector70
 197              		.thumb_set Vector70,_unhandled_exception
 198              		.weak	Vector74
 199              		.thumb_set Vector74,_unhandled_exception
 200              		.weak	Vector78
 201              		.thumb_set Vector78,_unhandled_exception
 202              		.weak	Vector7C
 203              		.thumb_set Vector7C,_unhandled_exception
 204              		.weak	Vector80
 205              		.thumb_set Vector80,_unhandled_exception
 206              		.weak	Vector84
 207              		.thumb_set Vector84,_unhandled_exception
 208              		.weak	Vector88
 209              		.thumb_set Vector88,_unhandled_exception
 210              		.weak	Vector8C
 211              		.thumb_set Vector8C,_unhandled_exception
 212              		.weak	Vector90
 213              		.thumb_set Vector90,_unhandled_exception
 214              		.weak	Vector94
 215              		.thumb_set Vector94,_unhandled_exception
 216              		.weak	Vector98
 217              		.thumb_set Vector98,_unhandled_exception
 218              		.weak	Vector9C
 219              		.thumb_set Vector9C,_unhandled_exception
 220              		.weak	VectorA0
 221              		.thumb_set VectorA0,_unhandled_exception
 222              		.weak	VectorA4
 223              		.thumb_set VectorA4,_unhandled_exception
 224              		.weak	VectorA8
 225              		.thumb_set VectorA8,_unhandled_exception
 226              		.weak	VectorAC
 227              		.thumb_set VectorAC,_unhandled_exception
 228              		.weak	VectorB0
 229              		.thumb_set VectorB0,_unhandled_exception
 230              		.weak	VectorB4
 231              		.thumb_set VectorB4,_unhandled_exception
 232              		.weak	VectorB8
 233              		.thumb_set VectorB8,_unhandled_exception
 234              		.weak	VectorBC
 235              		.thumb_set VectorBC,_unhandled_exception
 236              		.weak	VectorC0
 237              		.thumb_set VectorC0,_unhandled_exception
 238              		.weak	VectorC4
 239              		.thumb_set VectorC4,_unhandled_exception
 240              		.weak	VectorC8
 241              		.thumb_set VectorC8,_unhandled_exception
 242              		.weak	VectorCC
 243              		.thumb_set VectorCC,_unhandled_exception
 244              		.weak	VectorD0
 245              		.thumb_set VectorD0,_unhandled_exception
 246              		.weak	VectorD4
 247              		.thumb_set VectorD4,_unhandled_exception
 248              		.weak	VectorD8
 249              		.thumb_set VectorD8,_unhandled_exception
 250              		.weak	VectorDC
 251              		.thumb_set VectorDC,_unhandled_exception
 252              		.weak	VectorE0
 253              		.thumb_set VectorE0,_unhandled_exception
 254              		.weak	VectorE4
 255              		.thumb_set VectorE4,_unhandled_exception
 256              		.weak	VectorE8
 257              		.thumb_set VectorE8,_unhandled_exception
 258              		.weak	VectorEC
 259              		.thumb_set VectorEC,_unhandled_exception
 260              		.weak	VectorF0
 261              		.thumb_set VectorF0,_unhandled_exception
 262              		.weak	VectorF4
 263              		.thumb_set VectorF4,_unhandled_exception
 264              		.weak	VectorF8
 265              		.thumb_set VectorF8,_unhandled_exception
 266              		.weak	VectorFC
 267              		.thumb_set VectorFC,_unhandled_exception
 268              		.weak	Vector100
 269              		.thumb_set Vector100,_unhandled_exception
 270              		.weak	Vector104
 271              		.thumb_set Vector104,_unhandled_exception
 272              		.weak	Vector108
 273              		.thumb_set Vector108,_unhandled_exception
 274              		.weak	Vector10C
 275              		.thumb_set Vector10C,_unhandled_exception
 276              		.weak	Vector110
 277              		.thumb_set Vector110,_unhandled_exception
 278              		.weak	Vector114
 279              		.thumb_set Vector114,_unhandled_exception
 280              		.weak	Vector118
 281              		.thumb_set Vector118,_unhandled_exception
 282              		.weak	Vector11C
 283              		.thumb_set Vector11C,_unhandled_exception
 284              		.weak	Vector120
 285              		.thumb_set Vector120,_unhandled_exception
 286              		.weak	Vector124
 287              		.thumb_set Vector124,_unhandled_exception
 288              		.weak	Vector128
 289              		.thumb_set Vector128,_unhandled_exception
 290              		.weak	Vector12C
 291              		.thumb_set Vector12C,_unhandled_exception
 292              		.weak	Vector130
 293              		.thumb_set Vector130,_unhandled_exception
 294              		.weak	Vector134
 295              		.thumb_set Vector134,_unhandled_exception
 296              		.weak	Vector138
 297              		.thumb_set Vector138,_unhandled_exception
 298              		.weak	Vector13C
 299              		.thumb_set Vector13C,_unhandled_exception
 300              		.weak	Vector140
 301              		.thumb_set Vector140,_unhandled_exception
 302              		.weak	Vector144
 303              		.thumb_set Vector144,_unhandled_exception
 304              		.weak	Vector148
 305              		.thumb_set Vector148,_unhandled_exception
 306              		.weak	Vector14C
 307              		.thumb_set Vector14C,_unhandled_exception
 308              		.weak	Vector150
 309              		.thumb_set Vector150,_unhandled_exception
 310              		.weak	Vector154
 311              		.thumb_set Vector154,_unhandled_exception
 312              		.weak	Vector158
 313              		.thumb_set Vector158,_unhandled_exception
 314              		.weak	Vector15C
 315              		.thumb_set Vector15C,_unhandled_exception
 316              		.weak	Vector160
 317              		.thumb_set Vector160,_unhandled_exception
 318              		.weak	Vector164
 319              		.thumb_set Vector164,_unhandled_exception
 320              		.weak	Vector168
 321              		.thumb_set Vector168,_unhandled_exception
 322              		.weak	Vector16C
 323              		.thumb_set Vector16C,_unhandled_exception
 324              		.weak	Vector170
 325              		.thumb_set Vector170,_unhandled_exception
 326              		.weak	Vector174
 327              		.thumb_set Vector174,_unhandled_exception
 328              		.weak	Vector178
 329              		.thumb_set Vector178,_unhandled_exception
 330              		.weak	Vector17C
 331              		.thumb_set Vector17C,_unhandled_exception
 332              		.weak	Vector180
 333              		.thumb_set Vector180,_unhandled_exception
 334              		.weak	Vector184
 335              		.thumb_set Vector184,_unhandled_exception
 336 0002 00BFAFF3 		.text
 336      0080AFF3 
 336      0080AFF3 
 336      0080
 337              	.Letext0:
DEFINED SYMBOLS
                            *ABS*:0000000000000000 vectors.c
     /tmp/cc5ohI8T.s:24     vectors:0000000000000000 _vectors
     /tmp/cc5ohI8T.s:21     vectors:0000000000000000 $d
     /tmp/cc5ohI8T.s:130    .text._unhandled_exception:0000000000000000 NMIVector
     /tmp/cc5ohI8T.s:130    .text._unhandled_exception:0000000000000000 HardFaultVector
     /tmp/cc5ohI8T.s:130    .text._unhandled_exception:0000000000000000 MemManageVector
     /tmp/cc5ohI8T.s:130    .text._unhandled_exception:0000000000000000 BusFaultVector
     /tmp/cc5ohI8T.s:130    .text._unhandled_exception:0000000000000000 UsageFaultVector
     /tmp/cc5ohI8T.s:130    .text._unhandled_exception:0000000000000000 Vector1C
     /tmp/cc5ohI8T.s:130    .text._unhandled_exception:0000000000000000 Vector20
     /tmp/cc5ohI8T.s:130    .text._unhandled_exception:0000000000000000 Vector24
     /tmp/cc5ohI8T.s:130    .text._unhandled_exception:0000000000000000 Vector28
     /tmp/cc5ohI8T.s:130    .text._unhandled_exception:0000000000000000 SVCallVector
     /tmp/cc5ohI8T.s:130    .text._unhandled_exception:0000000000000000 DebugMonitorVector
     /tmp/cc5ohI8T.s:130    .text._unhandled_exception:0000000000000000 Vector34
     /tmp/cc5ohI8T.s:130    .text._unhandled_exception:0000000000000000 PendSVVector
     /tmp/cc5ohI8T.s:130    .text._unhandled_exception:0000000000000000 SysTickVector
     /tmp/cc5ohI8T.s:130    .text._unhandled_exception:0000000000000000 Vector40
     /tmp/cc5ohI8T.s:130    .text._unhandled_exception:0000000000000000 Vector44
     /tmp/cc5ohI8T.s:130    .text._unhandled_exception:0000000000000000 Vector48
     /tmp/cc5ohI8T.s:130    .text._unhandled_exception:0000000000000000 Vector4C
     /tmp/cc5ohI8T.s:130    .text._unhandled_exception:0000000000000000 Vector50
     /tmp/cc5ohI8T.s:130    .text._unhandled_exception:0000000000000000 Vector54
     /tmp/cc5ohI8T.s:130    .text._unhandled_exception:0000000000000000 Vector58
     /tmp/cc5ohI8T.s:130    .text._unhandled_exception:0000000000000000 Vector5C
     /tmp/cc5ohI8T.s:130    .text._unhandled_exception:0000000000000000 Vector60
     /tmp/cc5ohI8T.s:130    .text._unhandled_exception:0000000000000000 Vector64
     /tmp/cc5ohI8T.s:130    .text._unhandled_exception:0000000000000000 Vector68
     /tmp/cc5ohI8T.s:130    .text._unhandled_exception:0000000000000000 Vector6C
     /tmp/cc5ohI8T.s:130    .text._unhandled_exception:0000000000000000 Vector70
     /tmp/cc5ohI8T.s:130    .text._unhandled_exception:0000000000000000 Vector74
     /tmp/cc5ohI8T.s:130    .text._unhandled_exception:0000000000000000 Vector78
     /tmp/cc5ohI8T.s:130    .text._unhandled_exception:0000000000000000 Vector7C
     /tmp/cc5ohI8T.s:130    .text._unhandled_exception:0000000000000000 Vector80
     /tmp/cc5ohI8T.s:130    .text._unhandled_exception:0000000000000000 Vector84
     /tmp/cc5ohI8T.s:130    .text._unhandled_exception:0000000000000000 Vector88
     /tmp/cc5ohI8T.s:130    .text._unhandled_exception:0000000000000000 Vector8C
     /tmp/cc5ohI8T.s:130    .text._unhandled_exception:0000000000000000 Vector90
     /tmp/cc5ohI8T.s:130    .text._unhandled_exception:0000000000000000 Vector94
     /tmp/cc5ohI8T.s:130    .text._unhandled_exception:0000000000000000 Vector98
     /tmp/cc5ohI8T.s:130    .text._unhandled_exception:0000000000000000 Vector9C
     /tmp/cc5ohI8T.s:130    .text._unhandled_exception:0000000000000000 VectorA0
     /tmp/cc5ohI8T.s:130    .text._unhandled_exception:0000000000000000 VectorA4
     /tmp/cc5ohI8T.s:130    .text._unhandled_exception:0000000000000000 VectorA8
     /tmp/cc5ohI8T.s:130    .text._unhandled_exception:0000000000000000 VectorAC
     /tmp/cc5ohI8T.s:130    .text._unhandled_exception:0000000000000000 VectorB0
     /tmp/cc5ohI8T.s:130    .text._unhandled_exception:0000000000000000 VectorB4
     /tmp/cc5ohI8T.s:130    .text._unhandled_exception:0000000000000000 VectorB8
     /tmp/cc5ohI8T.s:130    .text._unhandled_exception:0000000000000000 VectorBC
     /tmp/cc5ohI8T.s:130    .text._unhandled_exception:0000000000000000 VectorC0
     /tmp/cc5ohI8T.s:130    .text._unhandled_exception:0000000000000000 VectorC4
     /tmp/cc5ohI8T.s:130    .text._unhandled_exception:0000000000000000 VectorC8
     /tmp/cc5ohI8T.s:130    .text._unhandled_exception:0000000000000000 VectorCC
     /tmp/cc5ohI8T.s:130    .text._unhandled_exception:0000000000000000 VectorD0
     /tmp/cc5ohI8T.s:130    .text._unhandled_exception:0000000000000000 VectorD4
     /tmp/cc5ohI8T.s:130    .text._unhandled_exception:0000000000000000 VectorD8
     /tmp/cc5ohI8T.s:130    .text._unhandled_exception:0000000000000000 VectorDC
     /tmp/cc5ohI8T.s:130    .text._unhandled_exception:0000000000000000 VectorE0
     /tmp/cc5ohI8T.s:130    .text._unhandled_exception:0000000000000000 VectorE4
     /tmp/cc5ohI8T.s:130    .text._unhandled_exception:0000000000000000 VectorE8
     /tmp/cc5ohI8T.s:130    .text._unhandled_exception:0000000000000000 VectorEC
     /tmp/cc5ohI8T.s:130    .text._unhandled_exception:0000000000000000 VectorF0
     /tmp/cc5ohI8T.s:130    .text._unhandled_exception:0000000000000000 VectorF4
     /tmp/cc5ohI8T.s:130    .text._unhandled_exception:0000000000000000 VectorF8
     /tmp/cc5ohI8T.s:130    .text._unhandled_exception:0000000000000000 VectorFC
     /tmp/cc5ohI8T.s:130    .text._unhandled_exception:0000000000000000 Vector100
     /tmp/cc5ohI8T.s:130    .text._unhandled_exception:0000000000000000 Vector104
     /tmp/cc5ohI8T.s:130    .text._unhandled_exception:0000000000000000 Vector108
     /tmp/cc5ohI8T.s:130    .text._unhandled_exception:0000000000000000 Vector10C
     /tmp/cc5ohI8T.s:130    .text._unhandled_exception:0000000000000000 Vector110
     /tmp/cc5ohI8T.s:130    .text._unhandled_exception:0000000000000000 Vector114
     /tmp/cc5ohI8T.s:130    .text._unhandled_exception:0000000000000000 Vector118
     /tmp/cc5ohI8T.s:130    .text._unhandled_exception:0000000000000000 Vector11C
     /tmp/cc5ohI8T.s:130    .text._unhandled_exception:0000000000000000 Vector120
     /tmp/cc5ohI8T.s:130    .text._unhandled_exception:0000000000000000 Vector124
     /tmp/cc5ohI8T.s:130    .text._unhandled_exception:0000000000000000 Vector128
     /tmp/cc5ohI8T.s:130    .text._unhandled_exception:0000000000000000 Vector12C
     /tmp/cc5ohI8T.s:130    .text._unhandled_exception:0000000000000000 Vector130
     /tmp/cc5ohI8T.s:130    .text._unhandled_exception:0000000000000000 Vector134
     /tmp/cc5ohI8T.s:130    .text._unhandled_exception:0000000000000000 Vector138
     /tmp/cc5ohI8T.s:130    .text._unhandled_exception:0000000000000000 Vector13C
     /tmp/cc5ohI8T.s:130    .text._unhandled_exception:0000000000000000 Vector140
     /tmp/cc5ohI8T.s:130    .text._unhandled_exception:0000000000000000 Vector144
     /tmp/cc5ohI8T.s:130    .text._unhandled_exception:0000000000000000 Vector148
     /tmp/cc5ohI8T.s:130    .text._unhandled_exception:0000000000000000 Vector14C
     /tmp/cc5ohI8T.s:130    .text._unhandled_exception:0000000000000000 Vector150
     /tmp/cc5ohI8T.s:130    .text._unhandled_exception:0000000000000000 Vector154
     /tmp/cc5ohI8T.s:130    .text._unhandled_exception:0000000000000000 Vector158
     /tmp/cc5ohI8T.s:130    .text._unhandled_exception:0000000000000000 Vector15C
     /tmp/cc5ohI8T.s:130    .text._unhandled_exception:0000000000000000 Vector160
     /tmp/cc5ohI8T.s:130    .text._unhandled_exception:0000000000000000 Vector164
     /tmp/cc5ohI8T.s:130    .text._unhandled_exception:0000000000000000 Vector168
     /tmp/cc5ohI8T.s:130    .text._unhandled_exception:0000000000000000 Vector16C
     /tmp/cc5ohI8T.s:130    .text._unhandled_exception:0000000000000000 Vector170
     /tmp/cc5ohI8T.s:130    .text._unhandled_exception:0000000000000000 Vector174
     /tmp/cc5ohI8T.s:130    .text._unhandled_exception:0000000000000000 Vector178
     /tmp/cc5ohI8T.s:130    .text._unhandled_exception:0000000000000000 Vector17C
     /tmp/cc5ohI8T.s:130    .text._unhandled_exception:0000000000000000 Vector180
     /tmp/cc5ohI8T.s:130    .text._unhandled_exception:0000000000000000 Vector184
     /tmp/cc5ohI8T.s:124    .text._unhandled_exception:0000000000000000 $t
     /tmp/cc5ohI8T.s:130    .text._unhandled_exception:0000000000000000 _unhandled_exception
                     .debug_frame:0000000000000010 $d

UNDEFINED SYMBOLS
__main_stack_end__
ResetHandler
